<?xml version="1.0" encoding="UTF-8"?>
<!-- Generated by org.testng.reporters.JUnitReportReporter -->
<testsuite hostname="Ashutosh-Sharma" name="TestScripts.BioTest" tests="1" failures="0" timestamp="1 Nov 2017 00:19:10 GMT" time="41.652" errors="0">
  <testcase name="bioTesting" time="41.652" classname="TestScripts.BioTest"/>
</testsuite> <!-- TestScripts.BioTest -->
